<?xml version="1.0" encoding="UTF-8"?>
<!-- Generated by org.testng.reporters.JUnitXMLReporter -->
<testsuite ignored="0" hostname="DESKTOP-8B8PBF3" failures="0" tests="3" name="Default test" time="0.116" errors="0" timestamp="2024-10-24T19:47:53 IST">
  <testcase classname="dataprovider.Dataprovider_Class" name="useData" time="0.01"/>
  <testcase classname="dataprovider.Dataprovider_Class" name="useData" time="0.011"/>
  <testcase classname="dataprovider.Dataprovider_Class" name="useData" time="0.002"/>
</testsuite> <!-- Default test -->
