<?xml version="1.0" encoding="UTF-8"?>
<!-- Generated by org.testng.reporters.JUnitXMLReporter -->
<testsuite ignored="0" hostname="DESKTOP-8B8PBF3" failures="0" tests="12" name="Test" time="19.923" errors="0" timestamp="2024-09-11T22:48:34 IST">
  <testcase classname="parameterization_package.Parameterization" name="Script_Test" time="19.794"/>
  <testcase classname="package3_LoanModule.Pim_module_Test" name="Employee_List_Module_Test" time="0.001"/>
  <testcase classname="package3_LoanModule.Pim_module_Test" name="Employee_List_Add_Test" time="0.001"/>
  <testcase classname="package3_LoanModule.Pim_module_Test" name="Employee_List_EmployeeSearch_Test" time="0.001"/>
  <testcase classname="package4_logoutMoudle.Logout_module_Test" name="logout_Profile_Test" time="0.001"/>
  <testcase classname="package4_logoutMoudle.Logout_module_Test" name="logout_Profile_logout_Test" time="0.001"/>
  <testcase classname="package1_SigninModule.Signin_Module_Test" name="Signin_UserName_Test" time="0.002"/>
  <testcase classname="package1_SigninModule.Signin_Module_Test" name="Signin_Password_Test" time="0.001"/>
  <testcase classname="package1_SigninModule.Signin_Module_Test" name="Signin_LoginButton_Test" time="0.002"/>
  <testcase classname="package2_HomeModule.HomeModule_Test" name="HomeModule_AdminStory_Test" time="0.001"/>
  <testcase classname="package2_HomeModule.HomeModule_Test" name="HomeModule_PimStory_Test" time="0.001"/>
  <testcase classname="package2_HomeModule.HomeModule_Test" name="HomeModule_Leave_Test" time="0.002"/>
</testsuite> <!-- Test -->
