<?xml version="1.0" encoding="UTF-8"?>
<testsuite name="TestSuite" time="1.099" tests="12" errors="0" skipped="0" failures="1">
  <properties>
[...]
</properties>
  <testcase name="Script_Test" classname="parameterization_package.Parameterization" time="1.095">
    <failure message="Could not start a new session. Response code 500. Message: Process unexpectedly closed with status 0 &#10;Host info: host: &apos;DESKTOP-8B8PBF3&apos;, ip: &apos;192.168.1.104&apos;&#10;Build info: version: &apos;4.18.1&apos;, revision: &apos;b1d3319b48&apos;&#10;System info: os.name: &apos;Windows 10&apos;, os.arch: &apos;amd64&apos;, os.version: &apos;10.0&apos;, java.version: &apos;17.0.11&apos;&#10;Driver info: org.openqa.selenium.firefox.FirefoxDriver&#10;Command: [null, newSession {capabilities=[Capabilities {acceptInsecureCerts: true, browserName: firefox, moz:debuggerAddress: true, moz:firefoxOptions: {binary: C:\Program Files\Mozilla Fi...}}]}]" type="org.openqa.selenium.SessionNotCreatedException"><![CDATA[org.openqa.selenium.SessionNotCreatedException: Could not start a new session. Response code 500. Message: Process unexpectedly closed with status 0 
Host info: host: 'DESKTOP-8B8PBF3', ip: '192.168.1.104'
Build info: version: '4.18.1', revision: 'b1d3319b48'
System info: os.name: 'Windows 10', os.arch: 'amd64', os.version: '10.0', java.version: '17.0.11'
Driver info: org.openqa.selenium.firefox.FirefoxDriver
Command: [null, newSession {capabilities=[Capabilities {acceptInsecureCerts: true, browserName: firefox, moz:debuggerAddress: true, moz:firefoxOptions: {binary: C:\Program Files\Mozilla Fi...}}]}]
	at org.openqa.selenium.remote.ProtocolHandshake.createSession(ProtocolHandshake.java:139)
	at org.openqa.selenium.remote.ProtocolHandshake.createSession(ProtocolHandshake.java:95)
	at org.openqa.selenium.remote.ProtocolHandshake.createSession(ProtocolHandshake.java:67)
	at org.openqa.selenium.remote.HttpCommandExecutor.execute(HttpCommandExecutor.java:162)
	at org.openqa.selenium.remote.service.DriverCommandExecutor.invokeExecute(DriverCommandExecutor.java:216)
	at org.openqa.selenium.remote.service.DriverCommandExecutor.execute(DriverCommandExecutor.java:174)
	at org.openqa.selenium.remote.RemoteWebDriver.execute(RemoteWebDriver.java:519)
	at org.openqa.selenium.remote.RemoteWebDriver.startSession(RemoteWebDriver.java:233)
	at org.openqa.selenium.remote.RemoteWebDriver.<init>(RemoteWebDriver.java:162)
	at org.openqa.selenium.firefox.FirefoxDriver.<init>(FirefoxDriver.java:155)
	at org.openqa.selenium.firefox.FirefoxDriver.<init>(FirefoxDriver.java:150)
	at org.openqa.selenium.firefox.FirefoxDriver.<init>(FirefoxDriver.java:133)
	at org.openqa.selenium.firefox.FirefoxDriver.<init>(FirefoxDriver.java:128)
	at org.openqa.selenium.firefox.FirefoxDriver.<init>(FirefoxDriver.java:113)
	at org.openqa.selenium.firefox.FirefoxDriver.<init>(FirefoxDriver.java:103)
	at parameterization_package.Parameterization.Script_Test(Parameterization.java:25)
]]></failure>
    <system-err><![CDATA[SLF4J: No SLF4J providers were found.
SLF4J: Defaulting to no-operation (NOP) logger implementation
SLF4J: See https://www.slf4j.org/codes.html#noProviders for further details.
]]></system-err>
  </testcase>
  <testcase name="Employee_List_Module_Test" classname="package3_LoanModule.Pim_module_Test" time="0"/>
  <testcase name="Employee_List_Add_Test" classname="package3_LoanModule.Pim_module_Test" time="0"/>
  <testcase name="Employee_List_EmployeeSearch_Test" classname="package3_LoanModule.Pim_module_Test" time="0"/>
  <testcase name="logout_Profile_Test" classname="package4_logoutMoudle.Logout_module_Test" time="0"/>
  <testcase name="logout_Profile_logout_Test" classname="package4_logoutMoudle.Logout_module_Test" time="0"/>
  <testcase name="Signin_UserName_Test" classname="package1_SigninModule.Signin_Module_Test" time="0"/>
  <testcase name="Signin_Password_Test" classname="package1_SigninModule.Signin_Module_Test" time="0.001"/>
  <testcase name="Signin_LoginButton_Test" classname="package1_SigninModule.Signin_Module_Test" time="0.001"/>
  <testcase name="HomeModule_AdminStory_Test" classname="package2_HomeModule.HomeModule_Test" time="0.001"/>
  <testcase name="HomeModule_PimStory_Test" classname="package2_HomeModule.HomeModule_Test" time="0.001"/>
  <testcase name="HomeModule_Leave_Test" classname="package2_HomeModule.HomeModule_Test" time="0"/>
</testsuite>