<?xml version="1.0" encoding="UTF-8"?>
<testng-results ignored="0" total="12" passed="11" failed="1" skipped="0">
  <reporter-output>
  </reporter-output>
  <suite started-at="2024-07-11T16:57:56 IST" name="Suite" finished-at="2024-07-11T16:57:57 IST" duration-ms="1155">
    <groups>
      <group name="Integration">
        <method signature="Pim_module_Test.Employee_List_Module_Test()[pri:0, instance:package3_LoanModule.Pim_module_Test@55740540]" name="Employee_List_Module_Test" class="package3_LoanModule.Pim_module_Test"/>
        <method signature="Pim_module_Test.Employee_List_Add_Test()[pri:1, instance:package3_LoanModule.Pim_module_Test@55740540]" name="Employee_List_Add_Test" class="package3_LoanModule.Pim_module_Test"/>
        <method signature="Pim_module_Test.Employee_List_EmployeeSearch_Test()[pri:2, instance:package3_LoanModule.Pim_module_Test@55740540]" name="Employee_List_EmployeeSearch_Test" class="package3_LoanModule.Pim_module_Test"/>
      </group> <!-- Integration -->
      <group name="FunctionalTesting">
        <method signature="HomeModule_Test.HomeModule_AdminStory_Test()[pri:0, instance:package2_HomeModule.HomeModule_Test@1018bde2]" name="HomeModule_AdminStory_Test" class="package2_HomeModule.HomeModule_Test"/>
        <method signature="HomeModule_Test.HomeModule_PimStory_Test()[pri:1, instance:package2_HomeModule.HomeModule_Test@1018bde2]" name="HomeModule_PimStory_Test" class="package2_HomeModule.HomeModule_Test"/>
        <method signature="HomeModule_Test.HomeModule_Leave_Test()[pri:2, instance:package2_HomeModule.HomeModule_Test@1018bde2]" name="HomeModule_Leave_Test" class="package2_HomeModule.HomeModule_Test"/>
      </group> <!-- FunctionalTesting -->
      <group name="RegressionTest">
        <method signature="Pim_module_Test.Employee_List_Module_Test()[pri:0, instance:package3_LoanModule.Pim_module_Test@55740540]" name="Employee_List_Module_Test" class="package3_LoanModule.Pim_module_Test"/>
        <method signature="Logout_module_Test.logout_Profile_Test()[pri:0, instance:package4_logoutMoudle.Logout_module_Test@60015ef5]" name="logout_Profile_Test" class="package4_logoutMoudle.Logout_module_Test"/>
        <method signature="Pim_module_Test.Employee_List_Add_Test()[pri:1, instance:package3_LoanModule.Pim_module_Test@55740540]" name="Employee_List_Add_Test" class="package3_LoanModule.Pim_module_Test"/>
        <method signature="Logout_module_Test.logout_Profile_logout_Test()[pri:1, instance:package4_logoutMoudle.Logout_module_Test@60015ef5]" name="logout_Profile_logout_Test" class="package4_logoutMoudle.Logout_module_Test"/>
        <method signature="Pim_module_Test.Employee_List_EmployeeSearch_Test()[pri:2, instance:package3_LoanModule.Pim_module_Test@55740540]" name="Employee_List_EmployeeSearch_Test" class="package3_LoanModule.Pim_module_Test"/>
      </group> <!-- RegressionTest -->
      <group name="smokeTest">
        <method signature="Signin_Module_Test.Signin_UserName_Test()[pri:0, instance:package1_SigninModule.Signin_Module_Test@2f54a33d]" name="Signin_UserName_Test" class="package1_SigninModule.Signin_Module_Test"/>
        <method signature="Signin_Module_Test.Signin_Password_Test()[pri:1, instance:package1_SigninModule.Signin_Module_Test@2f54a33d]" name="Signin_Password_Test" class="package1_SigninModule.Signin_Module_Test"/>
        <method signature="Signin_Module_Test.Signin_LoginButton_Test()[pri:2, instance:package1_SigninModule.Signin_Module_Test@2f54a33d]" name="Signin_LoginButton_Test" class="package1_SigninModule.Signin_Module_Test"/>
      </group> <!-- smokeTest -->
    </groups>
    <test started-at="2024-07-11T16:57:56 IST" name="Test" finished-at="2024-07-11T16:57:57 IST" duration-ms="1155">
      <class name="parameterization_package.Parameterization">
        <test-method signature="Script_Test(java.lang.String)[pri:0, instance:parameterization_package.Parameterization@3098cf3b]" started-at="2024-07-11T16:57:56 IST" name="Script_Test" finished-at="2024-07-11T16:57:57 IST" duration-ms="1090" status="FAIL">
          <params>
            <param index="0">
              <value>
                <![CDATA[firefox]]>
              </value>
            </param>
          </params>
          <exception class="org.openqa.selenium.SessionNotCreatedException">
            <message>
              <![CDATA[Could not start a new session. Response code 500. Message: Process unexpectedly closed with status 0 
Host info: host: 'DESKTOP-8B8PBF3', ip: '192.168.1.104'
Build info: version: '4.18.1', revision: 'b1d3319b48'
System info: os.name: 'Windows 10', os.arch: 'amd64', os.version: '10.0', java.version: '17.0.11'
Driver info: org.openqa.selenium.firefox.FirefoxDriver
Command: [null, newSession {capabilities=[Capabilities {acceptInsecureCerts: true, browserName: firefox, moz:debuggerAddress: true, moz:firefoxOptions: {binary: C:\Program Files\Mozilla Fi...}}]}]]]>
            </message>
            <full-stacktrace>
              <![CDATA[org.openqa.selenium.SessionNotCreatedException: Could not start a new session. Response code 500. Message: Process unexpectedly closed with status 0 
Host info: host: 'DESKTOP-8B8PBF3', ip: '192.168.1.104'
Build info: version: '4.18.1', revision: 'b1d3319b48'
System info: os.name: 'Windows 10', os.arch: 'amd64', os.version: '10.0', java.version: '17.0.11'
Driver info: org.openqa.selenium.firefox.FirefoxDriver
Command: [null, newSession {capabilities=[Capabilities {acceptInsecureCerts: true, browserName: firefox, moz:debuggerAddress: true, moz:firefoxOptions: {binary: C:\Program Files\Mozilla Fi...}}]}]
at org.openqa.selenium.remote.ProtocolHandshake.createSession(ProtocolHandshake.java:139)
at org.openqa.selenium.remote.ProtocolHandshake.createSession(ProtocolHandshake.java:95)
at org.openqa.selenium.remote.ProtocolHandshake.createSession(ProtocolHandshake.java:67)
at org.openqa.selenium.remote.HttpCommandExecutor.execute(HttpCommandExecutor.java:162)
at org.openqa.selenium.remote.service.DriverCommandExecutor.invokeExecute(DriverCommandExecutor.java:216)
at org.openqa.selenium.remote.service.DriverCommandExecutor.execute(DriverCommandExecutor.java:174)
at org.openqa.selenium.remote.RemoteWebDriver.execute(RemoteWebDriver.java:519)
at org.openqa.selenium.remote.RemoteWebDriver.startSession(RemoteWebDriver.java:233)
at org.openqa.selenium.remote.RemoteWebDriver.<init>(RemoteWebDriver.java:162)
at org.openqa.selenium.firefox.FirefoxDriver.<init>(FirefoxDriver.java:155)
at org.openqa.selenium.firefox.FirefoxDriver.<init>(FirefoxDriver.java:150)
at org.openqa.selenium.firefox.FirefoxDriver.<init>(FirefoxDriver.java:133)
at org.openqa.selenium.firefox.FirefoxDriver.<init>(FirefoxDriver.java:128)
at org.openqa.selenium.firefox.FirefoxDriver.<init>(FirefoxDriver.java:113)
at org.openqa.selenium.firefox.FirefoxDriver.<init>(FirefoxDriver.java:103)
at parameterization_package.Parameterization.Script_Test(Parameterization.java:25)
at java.base/jdk.internal.reflect.NativeMethodAccessorImpl.invoke0(Native Method)
at java.base/jdk.internal.reflect.NativeMethodAccessorImpl.invoke(NativeMethodAccessorImpl.java:77)
at java.base/jdk.internal.reflect.DelegatingMethodAccessorImpl.invoke(DelegatingMethodAccessorImpl.java:43)
at java.base/java.lang.reflect.Method.invoke(Method.java:568)
at org.testng.internal.invokers.MethodInvocationHelper.invokeMethod(MethodInvocationHelper.java:139)
at org.testng.internal.invokers.TestInvoker.invokeMethod(TestInvoker.java:677)
at org.testng.internal.invokers.TestInvoker.invokeTestMethod(TestInvoker.java:221)
at org.testng.internal.invokers.MethodRunner.runInSequence(MethodRunner.java:50)
at org.testng.internal.invokers.TestInvoker$MethodInvocationAgent.invoke(TestInvoker.java:969)
at org.testng.internal.invokers.TestInvoker.invokeTestMethods(TestInvoker.java:194)
at org.testng.internal.invokers.TestMethodWorker.invokeTestMethods(TestMethodWorker.java:148)
at org.testng.internal.invokers.TestMethodWorker.run(TestMethodWorker.java:128)
at java.base/java.util.ArrayList.forEach(ArrayList.java:1511)
at org.testng.TestRunner.privateRun(TestRunner.java:829)
at org.testng.TestRunner.run(TestRunner.java:602)
at org.testng.SuiteRunner.runTest(SuiteRunner.java:437)
at org.testng.SuiteRunner.runSequentially(SuiteRunner.java:431)
at org.testng.SuiteRunner.privateRun(SuiteRunner.java:391)
at org.testng.SuiteRunner.run(SuiteRunner.java:330)
at org.testng.SuiteRunnerWorker.runSuite(SuiteRunnerWorker.java:52)
at org.testng.SuiteRunnerWorker.run(SuiteRunnerWorker.java:95)
at org.testng.TestNG.runSuitesSequentially(TestNG.java:1256)
at org.testng.TestNG.runSuitesLocally(TestNG.java:1176)
at org.testng.TestNG.runSuites(TestNG.java:1099)
at org.testng.TestNG.run(TestNG.java:1067)
at org.apache.maven.surefire.testng.TestNGExecutor.run(TestNGExecutor.java:295)
at org.apache.maven.surefire.testng.TestNGXmlTestSuite.execute(TestNGXmlTestSuite.java:84)
at org.apache.maven.surefire.testng.TestNGProvider.invoke(TestNGProvider.java:90)
at org.apache.maven.surefire.booter.ForkedBooter.invokeProviderInSameClassLoader(ForkedBooter.java:203)
at org.apache.maven.surefire.booter.ForkedBooter.runSuitesInProcess(ForkedBooter.java:155)
at org.apache.maven.surefire.booter.ForkedBooter.main(ForkedBooter.java:103)
]]>
            </full-stacktrace>
          </exception> <!-- org.openqa.selenium.SessionNotCreatedException -->
          <reporter-output>
          </reporter-output>
        </test-method> <!-- Script_Test -->
      </class> <!-- parameterization_package.Parameterization -->
      <class name="package3_LoanModule.Pim_module_Test">
        <test-method signature="Employee_List_Module_Test()[pri:0, instance:package3_LoanModule.Pim_module_Test@55740540]" started-at="2024-07-11T16:57:57 IST" name="Employee_List_Module_Test" finished-at="2024-07-11T16:57:57 IST" duration-ms="1" status="PASS">
          <reporter-output>
          </reporter-output>
        </test-method> <!-- Employee_List_Module_Test -->
        <test-method signature="Employee_List_Add_Test()[pri:1, instance:package3_LoanModule.Pim_module_Test@55740540]" started-at="2024-07-11T16:57:57 IST" name="Employee_List_Add_Test" finished-at="2024-07-11T16:57:57 IST" duration-ms="1" status="PASS">
          <reporter-output>
          </reporter-output>
        </test-method> <!-- Employee_List_Add_Test -->
        <test-method signature="Employee_List_EmployeeSearch_Test()[pri:2, instance:package3_LoanModule.Pim_module_Test@55740540]" started-at="2024-07-11T16:57:57 IST" name="Employee_List_EmployeeSearch_Test" finished-at="2024-07-11T16:57:57 IST" duration-ms="0" status="PASS">
          <reporter-output>
          </reporter-output>
        </test-method> <!-- Employee_List_EmployeeSearch_Test -->
      </class> <!-- package3_LoanModule.Pim_module_Test -->
      <class name="package1_SigninModule.Signin_Module_Test">
        <test-method signature="Signin_UserName_Test()[pri:0, instance:package1_SigninModule.Signin_Module_Test@2f54a33d]" started-at="2024-07-11T16:57:57 IST" name="Signin_UserName_Test" finished-at="2024-07-11T16:57:57 IST" duration-ms="0" status="PASS">
          <reporter-output>
          </reporter-output>
        </test-method> <!-- Signin_UserName_Test -->
        <test-method signature="Signin_Password_Test()[pri:1, instance:package1_SigninModule.Signin_Module_Test@2f54a33d]" started-at="2024-07-11T16:57:57 IST" name="Signin_Password_Test" finished-at="2024-07-11T16:57:57 IST" duration-ms="0" status="PASS">
          <reporter-output>
          </reporter-output>
        </test-method> <!-- Signin_Password_Test -->
        <test-method signature="Signin_LoginButton_Test()[pri:2, instance:package1_SigninModule.Signin_Module_Test@2f54a33d]" started-at="2024-07-11T16:57:57 IST" name="Signin_LoginButton_Test" finished-at="2024-07-11T16:57:57 IST" duration-ms="0" status="PASS">
          <reporter-output>
          </reporter-output>
        </test-method> <!-- Signin_LoginButton_Test -->
      </class> <!-- package1_SigninModule.Signin_Module_Test -->
      <class name="package4_logoutMoudle.Logout_module_Test">
        <test-method signature="logout_Profile_Test()[pri:0, instance:package4_logoutMoudle.Logout_module_Test@60015ef5]" started-at="2024-07-11T16:57:57 IST" name="logout_Profile_Test" finished-at="2024-07-11T16:57:57 IST" duration-ms="0" status="PASS">
          <reporter-output>
          </reporter-output>
        </test-method> <!-- logout_Profile_Test -->
        <test-method signature="logout_Profile_logout_Test()[pri:1, instance:package4_logoutMoudle.Logout_module_Test@60015ef5]" started-at="2024-07-11T16:57:57 IST" name="logout_Profile_logout_Test" finished-at="2024-07-11T16:57:57 IST" duration-ms="0" status="PASS">
          <reporter-output>
          </reporter-output>
        </test-method> <!-- logout_Profile_logout_Test -->
      </class> <!-- package4_logoutMoudle.Logout_module_Test -->
      <class name="package2_HomeModule.HomeModule_Test">
        <test-method signature="HomeModule_AdminStory_Test()[pri:0, instance:package2_HomeModule.HomeModule_Test@1018bde2]" started-at="2024-07-11T16:57:57 IST" name="HomeModule_AdminStory_Test" finished-at="2024-07-11T16:57:57 IST" duration-ms="0" status="PASS">
          <reporter-output>
          </reporter-output>
        </test-method> <!-- HomeModule_AdminStory_Test -->
        <test-method signature="HomeModule_PimStory_Test()[pri:1, instance:package2_HomeModule.HomeModule_Test@1018bde2]" started-at="2024-07-11T16:57:57 IST" name="HomeModule_PimStory_Test" finished-at="2024-07-11T16:57:57 IST" duration-ms="0" status="PASS">
          <reporter-output>
          </reporter-output>
        </test-method> <!-- HomeModule_PimStory_Test -->
        <test-method signature="HomeModule_Leave_Test()[pri:2, instance:package2_HomeModule.HomeModule_Test@1018bde2]" started-at="2024-07-11T16:57:57 IST" name="HomeModule_Leave_Test" finished-at="2024-07-11T16:57:57 IST" duration-ms="0" status="PASS">
          <reporter-output>
          </reporter-output>
        </test-method> <!-- HomeModule_Leave_Test -->
      </class> <!-- package2_HomeModule.HomeModule_Test -->
    </test> <!-- Test -->
  </suite> <!-- Suite -->
</testng-results>
