<?xml version="1.0" encoding="UTF-8"?>
<!-- Generated by org.testng.reporters.JUnitXMLReporter -->
<testsuite ignored="8" hostname="DESKTOP-8B8PBF3" failures="0" tests="3" name="MultiplePackageTestNG" time="0.086" errors="0" timestamp="2024-07-21T10:06:29 IST">
  <testcase classname="package2_HomeModule.HomeModule_Test" name="HomeModule_AdminStory_Test" time="0.008"/>
  <testcase classname="package2_HomeModule.HomeModule_Test" name="HomeModule_PimStory_Test" time="0.001"/>
  <testcase classname="package2_HomeModule.HomeModule_Test" name="HomeModule_Leave_Test" time="0.006"/>
  <testcase classname="package1_SigninModule.Signin_Module_Test" name="Signin_LoginButton_Test" time="0.0">
    <ignored/>
  </testcase> <!-- Signin_LoginButton_Test -->
  <testcase classname="package4_logoutMoudle.Logout_module_Test" name="logout_Profile_Test" time="0.0">
    <ignored/>
  </testcase> <!-- logout_Profile_Test -->
  <testcase classname="package3_LoanModule.Pim_module_Test" name="Employee_List_Add_Test" time="0.0">
    <ignored/>
  </testcase> <!-- Employee_List_Add_Test -->
  <testcase classname="package4_logoutMoudle.Logout_module_Test" name="logout_Profile_logout_Test" time="0.0">
    <ignored/>
  </testcase> <!-- logout_Profile_logout_Test -->
  <testcase classname="package1_SigninModule.Signin_Module_Test" name="Signin_UserName_Test" time="0.0">
    <ignored/>
  </testcase> <!-- Signin_UserName_Test -->
  <testcase classname="package3_LoanModule.Pim_module_Test" name="Employee_List_EmployeeSearch_Test" time="0.0">
    <ignored/>
  </testcase> <!-- Employee_List_EmployeeSearch_Test -->
  <testcase classname="package3_LoanModule.Pim_module_Test" name="Employee_List_Module_Test" time="0.0">
    <ignored/>
  </testcase> <!-- Employee_List_Module_Test -->
  <testcase classname="package1_SigninModule.Signin_Module_Test" name="Signin_Password_Test" time="0.0">
    <ignored/>
  </testcase> <!-- Signin_Password_Test -->
</testsuite> <!-- MultiplePackageTestNG -->
